Time: 20:10:4

NEW CONNECTION


Time: 20:10:4
EVENT: VOLUNTEER_LOGIN
Event from: VOLUNTEER: linehayatest@gmail.com [Connection: &{{0xc0003f6f00}}]

STUDENTS:


VOLUNTEERS:
  EMAIL                    STATE   SOCKET PTR ADD     
 ------------------------ ------- ------------------- 
  linehayatest@gmail.com   free    &{{0xc0003f6f00}}  


CONNECTIONS:

========================================================

Time: 20:10:4

NEW CONNECTION


Time: 20:10:4

NEW CONNECTION


Time: 20:10:16

NEW CONNECTION


Time: 20:10:16
EVENT: Student Request for Call
Event from: Student (1)

STUDENTS:
  USERID   STATE       SOCKET PTR ADD     
 -------- ----------- ------------------- 
  1        wait-call   &{{0xc000116f00}}  


VOLUNTEERS:
  EMAIL                    STATE   SOCKET PTR ADD     
 ------------------------ ------- ------------------- 
  linehayatest@gmail.com   free    &{{0xc0003f6f00}}  


CONNECTIONS:

========================================================

Time: 20:10:17
EVENT: Volunteer Accept Call
Event from: Volunteer (linehayatest@gmail.com) - Accepting Student (1) 

STUDENTS:


VOLUNTEERS:
  EMAIL                    STATE         SOCKET PTR ADD     
 ------------------------ ------------- ------------------- 
  linehayatest@gmail.com   call-active   &{{0xc0003f6f00}}  


CONNECTIONS:

========================================================

Time: 20:10:29
EVENT: Student Request for Call
Event from: Student (2)

STUDENTS:
  USERID   STATE       SOCKET PTR ADD     
 -------- ----------- ------------------- 
  2        wait-call   &{{0xc000116f00}}  


VOLUNTEERS:
  EMAIL                    STATE         SOCKET PTR ADD     
 ------------------------ ------------- ------------------- 
  linehayatest@gmail.com   call-active   &{{0xc0003f6f00}}  


CONNECTIONS:

========================================================

Cannot transition Volunteer to Accept Call
Time: 20:10:31
EVENT: Volunteer Accept Call
Event from: Volunteer (linehayatest@gmail.com) - Accepting Student (2) 

STUDENTS:


VOLUNTEERS:
  EMAIL                    STATE         SOCKET PTR ADD     
 ------------------------ ------------- ------------------- 
  linehayatest@gmail.com   call-active   &{{0xc0003f6f00}}  


CONNECTIONS:

========================================================

Time: 20:10:34

NEW CONNECTION


Time: 20:10:35
EVENT: Student Request for Call
Event from: Student (3)

STUDENTS:
  USERID   STATE       SOCKET PTR ADD     
 -------- ----------- ------------------- 
  3        wait-call   &{{0xc0001d8280}}  


VOLUNTEERS:
  EMAIL                    STATE         SOCKET PTR ADD     
 ------------------------ ------------- ------------------- 
  linehayatest@gmail.com   call-active   &{{0xc0003f6f00}}  


CONNECTIONS:

========================================================

